{"C:\\Users\\sergio.andrade\\Documents\\SERGIO\\dev\\swipe-content\\src\\index.js": {"path":"C:\\Users\\sergio.andrade\\Documents\\SERGIO\\dev\\swipe-content\\src\\index.js","statementMap":{"0":{"start":{"line":2,"column":2},"end":{"line":2,"column":14}},"1":{"start":{"line":6,"column":2},"end":{"line":6,"column":14}}},"fnMap":{"0":{"name":"sum","decl":{"start":{"line":1,"column":9},"end":{"line":1,"column":12}},"loc":{"start":{"line":1,"column":19},"end":{"line":3,"column":1}},"line":1},"1":{"name":"minus","decl":{"start":{"line":5,"column":9},"end":{"line":5,"column":14}},"loc":{"start":{"line":5,"column":21},"end":{"line":7,"column":1}},"line":5}},"branchMap":{},"s":{"0":1,"1":1},"f":{"0":1,"1":1},"b":{},"_coverageSchema":"1a1c01bbd47fc00a2c39e90264f33305004495a9","hash":"6102df94501a9bb215eca225bb28ed96c4464b53"}
}
